<?xml version="1.0" encoding="UTF-8"?>
<!-- Generated by org.testng.reporters.JUnitReportReporter -->
<testsuite hostname="DEV20" failures="0" tests="3" name="TestNGmavenexemple.TestAuthentication" time="0.005" errors="0" timestamp="23 Apr 2019 14:32:01 GMT">
  <testcase classname="TestNGmavenexemple.TestAuthentication" name="newUserAuthenticationTest" time="0.001"/>
  <testcase classname="TestNGmavenexemple.TestAuthentication" name="failedAuthenticationTest" time="0.003"/>
  <testcase classname="TestNGmavenexemple.TestAuthentication" name="validAuthenticationTest" time="0.001"/>
</testsuite> <!-- TestNGmavenexemple.TestAuthentication -->
