<?xml version="1.0" encoding="UTF-8"?>
<!-- Generated by org.testng.reporters.JUnitReportReporter -->
<testsuite hostname="DEV20" failures="0" tests="2" name="TestNGmavenexemple.CalculatorTest" time="0.002" errors="0" timestamp="23 Apr 2019 13:34:30 GMT">
  <testcase classname="TestNGmavenexemple.CalculatorTest" name="testDivison" time="0.002"/>
  <testcase classname="TestNGmavenexemple.CalculatorTest" name="testSum" time="0.000"/>
</testsuite> <!-- TestNGmavenexemple.CalculatorTest -->
