<?xml version="1.0" encoding="UTF-8"?>
<!-- Generated by org.testng.reporters.JUnitReportReporter -->
<testsuite hostname="DEV20" failures="0" tests="2" name="TestNGmavenexemple.CalculatorTest" time="0.006" errors="0" timestamp="16 Apr 2019 12:52:14 GMT">
  <testcase classname="TestNGmavenexemple.CalculatorTest" name="testSum99" time="0.001"/>
  <testcase classname="TestNGmavenexemple.CalculatorTest" name="testDivison99" time="0.005"/>
</testsuite> <!-- TestNGmavenexemple.CalculatorTest -->
