<?xml version="1.0" encoding="UTF-8"?>
<!-- Generated by org.testng.reporters.JUnitReportReporter -->
<testsuite hostname="DEV20" failures="0" tests="2" name="TestNGmavenexemple.CalculatorTest" time="0.004" errors="0" timestamp="19 Apr 2019 13:32:41 GMT">
  <testcase classname="TestNGmavenexemple.CalculatorTest" name="testDivison" time="0.003"/>
  <testcase classname="TestNGmavenexemple.CalculatorTest" name="testSum" time="0.001"/>
</testsuite> <!-- TestNGmavenexemple.CalculatorTest -->
