<?xml version="1.0" encoding="UTF-8"?>
<testsuite xmlns:xsi="http://www.w3.org/2001/XMLSchema-instance" xsi:noNamespaceSchemaLocation="https://maven.apache.org/surefire/maven-surefire-plugin/xsd/surefire-test-report.xsd" name="TestSuite" time="0.614" tests="3" errors="0" skipped="1" failures="0">
  <properties>
    <property name="sun.desktop" value="windows"/>
    <property name="awt.toolkit" value="sun.awt.windows.WToolkit"/>
    <property name="java.specification.version" value="11"/>
    <property name="sun.cpu.isalist" value="amd64"/>
    <property name="sun.jnu.encoding" value="Cp1252"/>
    <property name="java.class.path" value="C:\Users\leila.chamtouri\git\qmetryTest\QmetryTestProject\target\test-classes;C:\Users\leila.chamtouri\git\qmetryTest\QmetryTestProject\target\classes;C:\Users\leila.chamtouri\.m2\repository\org\seleniumhq\selenium\selenium-java\3.141.59\selenium-java-3.141.59.jar;C:\Users\leila.chamtouri\.m2\repository\org\seleniumhq\selenium\selenium-api\3.141.59\selenium-api-3.141.59.jar;C:\Users\leila.chamtouri\.m2\repository\org\seleniumhq\selenium\selenium-chrome-driver\3.141.59\selenium-chrome-driver-3.141.59.jar;C:\Users\leila.chamtouri\.m2\repository\org\seleniumhq\selenium\selenium-edge-driver\3.141.59\selenium-edge-driver-3.141.59.jar;C:\Users\leila.chamtouri\.m2\repository\org\seleniumhq\selenium\selenium-firefox-driver\3.141.59\selenium-firefox-driver-3.141.59.jar;C:\Users\leila.chamtouri\.m2\repository\org\seleniumhq\selenium\selenium-ie-driver\3.141.59\selenium-ie-driver-3.141.59.jar;C:\Users\leila.chamtouri\.m2\repository\org\seleniumhq\selenium\selenium-opera-driver\3.141.59\selenium-opera-driver-3.141.59.jar;C:\Users\leila.chamtouri\.m2\repository\org\seleniumhq\selenium\selenium-remote-driver\3.141.59\selenium-remote-driver-3.141.59.jar;C:\Users\leila.chamtouri\.m2\repository\org\seleniumhq\selenium\selenium-safari-driver\3.141.59\selenium-safari-driver-3.141.59.jar;C:\Users\leila.chamtouri\.m2\repository\org\seleniumhq\selenium\selenium-support\3.141.59\selenium-support-3.141.59.jar;C:\Users\leila.chamtouri\.m2\repository\net\bytebuddy\byte-buddy\1.8.15\byte-buddy-1.8.15.jar;C:\Users\leila.chamtouri\.m2\repository\org\apache\commons\commons-exec\1.3\commons-exec-1.3.jar;C:\Users\leila.chamtouri\.m2\repository\com\google\guava\guava\25.0-jre\guava-25.0-jre.jar;C:\Users\leila.chamtouri\.m2\repository\com\google\code\findbugs\jsr305\1.3.9\jsr305-1.3.9.jar;C:\Users\leila.chamtouri\.m2\repository\org\checkerframework\checker-compat-qual\2.0.0\checker-compat-qual-2.0.0.jar;C:\Users\leila.chamtouri\.m2\repository\com\google\errorprone\error_prone_annotations\2.1.3\error_prone_annotations-2.1.3.jar;C:\Users\leila.chamtouri\.m2\repository\com\google\j2objc\j2objc-annotations\1.1\j2objc-annotations-1.1.jar;C:\Users\leila.chamtouri\.m2\repository\org\codehaus\mojo\animal-sniffer-annotations\1.14\animal-sniffer-annotations-1.14.jar;C:\Users\leila.chamtouri\.m2\repository\com\squareup\okhttp3\okhttp\3.11.0\okhttp-3.11.0.jar;C:\Users\leila.chamtouri\.m2\repository\com\squareup\okio\okio\1.14.0\okio-1.14.0.jar;C:\Users\leila.chamtouri\.m2\repository\org\testng\testng\6.8\testng-6.8.jar;C:\Users\leila.chamtouri\.m2\repository\junit\junit\4.10\junit-4.10.jar;C:\Users\leila.chamtouri\.m2\repository\org\beanshell\bsh\2.0b4\bsh-2.0b4.jar;C:\Users\leila.chamtouri\.m2\repository\com\beust\jcommander\1.27\jcommander-1.27.jar;C:\Users\leila.chamtouri\.m2\repository\org\yaml\snakeyaml\1.6\snakeyaml-1.6.jar;C:\Users\leila.chamtouri\.m2\repository\com\qmetry\qaf\2.1.14\qaf-2.1.14.jar;C:\Users\leila.chamtouri\.m2\repository\org\hamcrest\hamcrest-core\1.3\hamcrest-core-1.3.jar;C:\Users\leila.chamtouri\.m2\repository\org\hamcrest\hamcrest-library\1.3\hamcrest-library-1.3.jar;C:\Users\leila.chamtouri\.m2\repository\com\sun\jersey\jersey-client\1.19\jersey-client-1.19.jar;C:\Users\leila.chamtouri\.m2\repository\com\sun\jersey\jersey-core\1.19\jersey-core-1.19.jar;C:\Users\leila.chamtouri\.m2\repository\javax\ws\rs\jsr311-api\1.1.1\jsr311-api-1.1.1.jar;C:\Users\leila.chamtouri\.m2\repository\com\sun\jersey\contribs\jersey-multipart\1.19\jersey-multipart-1.19.jar;C:\Users\leila.chamtouri\.m2\repository\org\jvnet\mimepull\mimepull\1.9.3\mimepull-1.9.3.jar;C:\Users\leila.chamtouri\.m2\repository\com\sun\jersey\contribs\jersey-apache-client\1.17.1\jersey-apache-client-1.17.1.jar;C:\Users\leila.chamtouri\.m2\repository\commons-httpclient\commons-httpclient\3.1\commons-httpclient-3.1.jar;C:\Users\leila.chamtouri\.m2\repository\org\aspectj\aspectjrt\1.8.9\aspectjrt-1.8.9.jar;C:\Users\leila.chamtouri\.m2\repository\org\aspectj\aspectjweaver\1.8.9\aspectjweaver-1.8.9.jar;C:\Users\leila.chamtouri\.m2\repository\org\aspectj\aspectjtools\1.8.9\aspectjtools-1.8.9.jar;C:\Users\leila.chamtouri\.m2\repository\net\sourceforge\jexcelapi\jxl\2.6.12\jxl-2.6.12.jar;C:\Users\leila.chamtouri\.m2\repository\log4j\log4j\1.2.14\log4j-1.2.14.jar;C:\Users\leila.chamtouri\.m2\repository\commons-codec\commons-codec\1.8\commons-codec-1.8.jar;C:\Users\leila.chamtouri\.m2\repository\commons-configuration\commons-configuration\1.7\commons-configuration-1.7.jar;C:\Users\leila.chamtouri\.m2\repository\commons-collections\commons-collections\3.2.1\commons-collections-3.2.1.jar;C:\Users\leila.chamtouri\.m2\repository\commons-logging\commons-logging\1.1.1\commons-logging-1.1.1.jar;C:\Users\leila.chamtouri\.m2\repository\commons-digester\commons-digester\1.8.1\commons-digester-1.8.1.jar;C:\Users\leila.chamtouri\.m2\repository\commons-beanutils\commons-beanutils\1.8.3\commons-beanutils-1.8.3.jar;C:\Users\leila.chamtouri\.m2\repository\commons-lang\commons-lang\2.6\commons-lang-2.6.jar;C:\Users\leila.chamtouri\.m2\repository\commons-io\commons-io\2.5\commons-io-2.5.jar;C:\Users\leila.chamtouri\.m2\repository\com\google\code\gson\gson\2.8.5\gson-2.8.5.jar;C:\Users\leila.chamtouri\.m2\repository\com\google\inject\guice\3.0\guice-3.0.jar;C:\Users\leila.chamtouri\.m2\repository\javax\inject\javax.inject\1\javax.inject-1.jar;C:\Users\leila.chamtouri\.m2\repository\aopalliance\aopalliance\1.0\aopalliance-1.0.jar;C:\Users\leila.chamtouri\.m2\repository\velocity\velocity-dep\1.4\velocity-dep-1.4.jar;C:\Users\leila.chamtouri\.m2\repository\org\json\json\20180813\json-20180813.jar;C:\Users\leila.chamtouri\.m2\repository\org\apache\maven\surefire\surefire-testng-utils\2.22.0\surefire-testng-utils-2.22.0.jar;C:\Users\leila.chamtouri\.m2\repository\org\apache\maven\surefire\surefire-grouper\2.22.0\surefire-grouper-2.22.0.jar;"/>
    <property name="java.vm.vendor" value="Oracle Corporation"/>
    <property name="sun.arch.data.model" value="64"/>
    <property name="user.variant" value=""/>
    <property name="java.vendor.url" value="http://java.oracle.com/"/>
    <property name="user.timezone" value="Europe/Paris"/>
    <property name="java.vm.specification.version" value="11"/>
    <property name="os.name" value="Windows 10"/>
    <property name="sun.java.launcher" value="SUN_STANDARD"/>
    <property name="user.country" value="FR"/>
    <property name="sun.boot.library.path" value="C:\Program Files\Java\jdk-11.0.2\bin"/>
    <property name="sun.java.command" value="C:\Users\LEILA~1.CHA\AppData\Local\Temp\surefire4934832070357210215\surefirebooter17074216839611593901.jar C:\Users\leila.chamtouri\AppData\Local\Temp\surefire4934832070357210215 2019-04-18T14-46-03_567-jvmRun1 surefire14346858401334378192tmp surefire_018042127618774917151tmp"/>
    <property name="jdk.debug" value="release"/>
    <property name="surefire.test.class.path" value="C:\Users\leila.chamtouri\git\qmetryTest\QmetryTestProject\target\test-classes;C:\Users\leila.chamtouri\git\qmetryTest\QmetryTestProject\target\classes;C:\Users\leila.chamtouri\.m2\repository\org\seleniumhq\selenium\selenium-java\3.141.59\selenium-java-3.141.59.jar;C:\Users\leila.chamtouri\.m2\repository\org\seleniumhq\selenium\selenium-api\3.141.59\selenium-api-3.141.59.jar;C:\Users\leila.chamtouri\.m2\repository\org\seleniumhq\selenium\selenium-chrome-driver\3.141.59\selenium-chrome-driver-3.141.59.jar;C:\Users\leila.chamtouri\.m2\repository\org\seleniumhq\selenium\selenium-edge-driver\3.141.59\selenium-edge-driver-3.141.59.jar;C:\Users\leila.chamtouri\.m2\repository\org\seleniumhq\selenium\selenium-firefox-driver\3.141.59\selenium-firefox-driver-3.141.59.jar;C:\Users\leila.chamtouri\.m2\repository\org\seleniumhq\selenium\selenium-ie-driver\3.141.59\selenium-ie-driver-3.141.59.jar;C:\Users\leila.chamtouri\.m2\repository\org\seleniumhq\selenium\selenium-opera-driver\3.141.59\selenium-opera-driver-3.141.59.jar;C:\Users\leila.chamtouri\.m2\repository\org\seleniumhq\selenium\selenium-remote-driver\3.141.59\selenium-remote-driver-3.141.59.jar;C:\Users\leila.chamtouri\.m2\repository\org\seleniumhq\selenium\selenium-safari-driver\3.141.59\selenium-safari-driver-3.141.59.jar;C:\Users\leila.chamtouri\.m2\repository\org\seleniumhq\selenium\selenium-support\3.141.59\selenium-support-3.141.59.jar;C:\Users\leila.chamtouri\.m2\repository\net\bytebuddy\byte-buddy\1.8.15\byte-buddy-1.8.15.jar;C:\Users\leila.chamtouri\.m2\repository\org\apache\commons\commons-exec\1.3\commons-exec-1.3.jar;C:\Users\leila.chamtouri\.m2\repository\com\google\guava\guava\25.0-jre\guava-25.0-jre.jar;C:\Users\leila.chamtouri\.m2\repository\com\google\code\findbugs\jsr305\1.3.9\jsr305-1.3.9.jar;C:\Users\leila.chamtouri\.m2\repository\org\checkerframework\checker-compat-qual\2.0.0\checker-compat-qual-2.0.0.jar;C:\Users\leila.chamtouri\.m2\repository\com\google\errorprone\error_prone_annotations\2.1.3\error_prone_annotations-2.1.3.jar;C:\Users\leila.chamtouri\.m2\repository\com\google\j2objc\j2objc-annotations\1.1\j2objc-annotations-1.1.jar;C:\Users\leila.chamtouri\.m2\repository\org\codehaus\mojo\animal-sniffer-annotations\1.14\animal-sniffer-annotations-1.14.jar;C:\Users\leila.chamtouri\.m2\repository\com\squareup\okhttp3\okhttp\3.11.0\okhttp-3.11.0.jar;C:\Users\leila.chamtouri\.m2\repository\com\squareup\okio\okio\1.14.0\okio-1.14.0.jar;C:\Users\leila.chamtouri\.m2\repository\org\testng\testng\6.8\testng-6.8.jar;C:\Users\leila.chamtouri\.m2\repository\junit\junit\4.10\junit-4.10.jar;C:\Users\leila.chamtouri\.m2\repository\org\beanshell\bsh\2.0b4\bsh-2.0b4.jar;C:\Users\leila.chamtouri\.m2\repository\com\beust\jcommander\1.27\jcommander-1.27.jar;C:\Users\leila.chamtouri\.m2\repository\org\yaml\snakeyaml\1.6\snakeyaml-1.6.jar;C:\Users\leila.chamtouri\.m2\repository\com\qmetry\qaf\2.1.14\qaf-2.1.14.jar;C:\Users\leila.chamtouri\.m2\repository\org\hamcrest\hamcrest-core\1.3\hamcrest-core-1.3.jar;C:\Users\leila.chamtouri\.m2\repository\org\hamcrest\hamcrest-library\1.3\hamcrest-library-1.3.jar;C:\Users\leila.chamtouri\.m2\repository\com\sun\jersey\jersey-client\1.19\jersey-client-1.19.jar;C:\Users\leila.chamtouri\.m2\repository\com\sun\jersey\jersey-core\1.19\jersey-core-1.19.jar;C:\Users\leila.chamtouri\.m2\repository\javax\ws\rs\jsr311-api\1.1.1\jsr311-api-1.1.1.jar;C:\Users\leila.chamtouri\.m2\repository\com\sun\jersey\contribs\jersey-multipart\1.19\jersey-multipart-1.19.jar;C:\Users\leila.chamtouri\.m2\repository\org\jvnet\mimepull\mimepull\1.9.3\mimepull-1.9.3.jar;C:\Users\leila.chamtouri\.m2\repository\com\sun\jersey\contribs\jersey-apache-client\1.17.1\jersey-apache-client-1.17.1.jar;C:\Users\leila.chamtouri\.m2\repository\commons-httpclient\commons-httpclient\3.1\commons-httpclient-3.1.jar;C:\Users\leila.chamtouri\.m2\repository\org\aspectj\aspectjrt\1.8.9\aspectjrt-1.8.9.jar;C:\Users\leila.chamtouri\.m2\repository\org\aspectj\aspectjweaver\1.8.9\aspectjweaver-1.8.9.jar;C:\Users\leila.chamtouri\.m2\repository\org\aspectj\aspectjtools\1.8.9\aspectjtools-1.8.9.jar;C:\Users\leila.chamtouri\.m2\repository\net\sourceforge\jexcelapi\jxl\2.6.12\jxl-2.6.12.jar;C:\Users\leila.chamtouri\.m2\repository\log4j\log4j\1.2.14\log4j-1.2.14.jar;C:\Users\leila.chamtouri\.m2\repository\commons-codec\commons-codec\1.8\commons-codec-1.8.jar;C:\Users\leila.chamtouri\.m2\repository\commons-configuration\commons-configuration\1.7\commons-configuration-1.7.jar;C:\Users\leila.chamtouri\.m2\repository\commons-collections\commons-collections\3.2.1\commons-collections-3.2.1.jar;C:\Users\leila.chamtouri\.m2\repository\commons-logging\commons-logging\1.1.1\commons-logging-1.1.1.jar;C:\Users\leila.chamtouri\.m2\repository\commons-digester\commons-digester\1.8.1\commons-digester-1.8.1.jar;C:\Users\leila.chamtouri\.m2\repository\commons-beanutils\commons-beanutils\1.8.3\commons-beanutils-1.8.3.jar;C:\Users\leila.chamtouri\.m2\repository\commons-lang\commons-lang\2.6\commons-lang-2.6.jar;C:\Users\leila.chamtouri\.m2\repository\commons-io\commons-io\2.5\commons-io-2.5.jar;C:\Users\leila.chamtouri\.m2\repository\com\google\code\gson\gson\2.8.5\gson-2.8.5.jar;C:\Users\leila.chamtouri\.m2\repository\com\google\inject\guice\3.0\guice-3.0.jar;C:\Users\leila.chamtouri\.m2\repository\javax\inject\javax.inject\1\javax.inject-1.jar;C:\Users\leila.chamtouri\.m2\repository\aopalliance\aopalliance\1.0\aopalliance-1.0.jar;C:\Users\leila.chamtouri\.m2\repository\velocity\velocity-dep\1.4\velocity-dep-1.4.jar;C:\Users\leila.chamtouri\.m2\repository\org\json\json\20180813\json-20180813.jar;C:\Users\leila.chamtouri\.m2\repository\org\apache\maven\surefire\surefire-testng-utils\2.22.0\surefire-testng-utils-2.22.0.jar;C:\Users\leila.chamtouri\.m2\repository\org\apache\maven\surefire\surefire-grouper\2.22.0\surefire-grouper-2.22.0.jar;"/>
    <property name="sun.cpu.endian" value="little"/>
    <property name="user.home" value="C:\Users\leila.chamtouri"/>
    <property name="user.language" value="fr"/>
    <property name="java.specification.vendor" value="Oracle Corporation"/>
    <property name="java.version.date" value="2019-01-15"/>
    <property name="java.home" value="C:\Program Files\Java\jdk-11.0.2"/>
    <property name="file.separator" value="\"/>
    <property name="basedir" value="C:\Users\leila.chamtouri\git\qmetryTest\QmetryTestProject"/>
    <property name="java.vm.compressedOopsMode" value="32-bit"/>
    <property name="line.separator" value="&#10;"/>
    <property name="java.specification.name" value="Java Platform API Specification"/>
    <property name="java.vm.specification.vendor" value="Oracle Corporation"/>
    <property name="java.awt.graphicsenv" value="sun.awt.Win32GraphicsEnvironment"/>
    <property name="surefire.real.class.path" value="C:\Users\LEILA~1.CHA\AppData\Local\Temp\surefire4934832070357210215\surefirebooter17074216839611593901.jar"/>
    <property name="user.script" value=""/>
    <property name="sun.management.compiler" value="HotSpot 64-Bit Tiered Compilers"/>
    <property name="java.runtime.version" value="11.0.2+9-LTS"/>
    <property name="user.name" value="Leila.Chamtouri"/>
    <property name="path.separator" value=";"/>
    <property name="os.version" value="10.0"/>
    <property name="java.runtime.name" value="Java(TM) SE Runtime Environment"/>
    <property name="file.encoding" value="Cp1252"/>
    <property name="java.vm.name" value="Java HotSpot(TM) 64-Bit Server VM"/>
    <property name="java.vendor.version" value="18.9"/>
    <property name="localRepository" value="C:\Users\leila.chamtouri\.m2\repository"/>
    <property name="java.vendor.url.bug" value="http://bugreport.java.com/bugreport/"/>
    <property name="java.io.tmpdir" value="C:\Users\LEILA~1.CHA\AppData\Local\Temp\"/>
    <property name="java.version" value="11.0.2"/>
    <property name="user.dir" value="C:\Users\leila.chamtouri\git\qmetryTest\QmetryTestProject"/>
    <property name="os.arch" value="amd64"/>
    <property name="java.vm.specification.name" value="Java Virtual Machine Specification"/>
    <property name="java.awt.printerjob" value="sun.awt.windows.WPrinterJob"/>
    <property name="sun.os.patch.level" value=""/>
    <property name="java.library.path" value="C:\Program Files\Java\jdk-11.0.2\bin;C:\Windows\Sun\Java\bin;C:\Windows\system32;C:\Windows;C:\Program Files (x86)\Common Files\Oracle\Java\javapath;C:\Windows\system32;C:\Windows;C:\Windows\System32\Wbem;C:\Windows\System32\WindowsPowerShell\v1.0\;C:\Windows\System32\OpenSSH\;C:\Program Files\dotnet\;C:\Program Files\Microsoft SQL Server\130\Tools\Binn\;C:\dev\apache-maven-3.6.0\bin;C:\dev;C:\Program Files\Microsoft\Web Platform Installer\;C:\Program Files\Java\jdk-11.0.2;C:\Program Files\Git\cmd;C:\Users\leila.chamtouri\AppData\Local\Microsoft\WindowsApps;;."/>
    <property name="java.vendor" value="Oracle Corporation"/>
    <property name="java.vm.info" value="mixed mode"/>
    <property name="java.vm.version" value="11.0.2+9-LTS"/>
    <property name="sun.io.unicode.encoding" value="UnicodeLittle"/>
    <property name="java.class.version" value="55.0"/>
  </properties>
  <testcase name="test" classname="ParamTestWithDataProvider1.DataProviderTest" time="0">
    <skipped message="wrong number of arguments"/>
    <system-err><![CDATA[log4j:WARN No appenders could be found for logger (com.qmetry.qaf.automation.testng.pro.QAFAnnotationTransformer2).
log4j:WARN Please initialize the log4j system properly.
]]></system-err>
  </testcase>
  <testcase name="testDivison" classname="TestNGmavenexemple.CalculatorTest" time="0.001"/>
  <testcase name="testSum" classname="TestNGmavenexemple.CalculatorTest" time="0"/>
</testsuite>